basic-android-demo/build/outputs/logs/manifest-merger-debug-report.txt
-- Merging decision tree log ---
manifest
ADDED from src/main/AndroidManifest.xml:2:1-753:12
	package
		ADDED from src/main/AndroidManifest.xml:3:5-31
		INJECTED from src/main/AndroidManifest.xml
		INJECTED from src/main/AndroidManifest.xml
	android:versionName
		ADDED from src/main/AndroidManifest.xml:5:5-30
	android:versionCode
		ADDED from src/main/AndroidManifest.xml:4:5-28
		INJECTED from src/main/AndroidManifest.xml
		INJECTED from src/main/AndroidManifest.xml
	xmlns:android
		ADDED from src/main/AndroidManifest.xml:2:11-69
uses-permission#android.permission.READ_CONTACTS
ADDED from src/main/AndroidManifest.xml:7:5-72
	android:name
		ADDED from src/main/AndroidManifest.xml:7:22-69
uses-permission#android.permission.WRITE_CONTACTS
ADDED from src/main/AndroidManifest.xml:8:5-73
	android:name
		ADDED from src/main/AndroidManifest.xml:8:22-70
uses-permission#android.permission.CAMERA
ADDED from src/main/AndroidManifest.xml:9:5-65
	android:name
		ADDED from src/main/AndroidManifest.xml:9:22-62
uses-permission#android.permission.VIBRATE
ADDED from src/main/AndroidManifest.xml:10:5-66
	android:name
		ADDED from src/main/AndroidManifest.xml:10:22-63
uses-permission#android.permission.ACCESS_COARSE_LOCATION
ADDED from src/main/AndroidManifest.xml:11:5-81
	android:name
		ADDED from src/main/AndroidManifest.xml:11:22-78
uses-permission#android.permission.INTERNET
ADDED from src/main/AndroidManifest.xml:12:5-67
	android:name
		ADDED from src/main/AndroidManifest.xml:12:22-64
uses-permission#android.permission.WRITE_EXTERNAL_STORAGE
ADDED from src/main/AndroidManifest.xml:13:5-81
	android:name
		ADDED from src/main/AndroidManifest.xml:13:22-78
uses-permission#android.permission.ACCESS_FINE_LOCATION
ADDED from src/main/AndroidManifest.xml:15:5-79
	android:name
		ADDED from src/main/AndroidManifest.xml:15:22-76
uses-permission#android.permission.SEND_SMS
ADDED from src/main/AndroidManifest.xml:16:5-67
	android:name
		ADDED from src/main/AndroidManifest.xml:16:22-64
uses-permission#android.permission.RECEIVE_SMS
ADDED from src/main/AndroidManifest.xml:17:5-70
	android:name
		ADDED from src/main/AndroidManifest.xml:17:22-67
uses-permission#android.permission.RECEIVE_BOOT_COMPLETED
ADDED from src/main/AndroidManifest.xml:18:5-81
	android:name
		ADDED from src/main/AndroidManifest.xml:18:22-78
application
ADDED from src/main/AndroidManifest.xml:19:5-749:19
	android:label
		ADDED from src/main/AndroidManifest.xml:22:9-41
	android:icon
		ADDED from src/main/AndroidManifest.xml:21:9-43
	android:name
		ADDED from src/main/AndroidManifest.xml:20:9-28
activity#api.android.demo.LauncherActivity
ADDED from src/main/AndroidManifest.xml:25:9-34:20
	android:label
		ADDED from src/main/AndroidManifest.xml:27:13-45
	android:name
		ADDED from src/main/AndroidManifest.xml:26:13-45
intent-filter#android.intent.action.MAIN+android.intent.category.DEFAULT+android.intent.category.LAUNCHER
ADDED from src/main/AndroidManifest.xml:28:13-33:29
action#android.intent.action.MAIN
ADDED from src/main/AndroidManifest.xml:29:17-69
	android:name
		ADDED from src/main/AndroidManifest.xml:29:25-66
category#android.intent.category.DEFAULT
ADDED from src/main/AndroidManifest.xml:31:17-76
	android:name
		ADDED from src/main/AndroidManifest.xml:31:27-73
category#android.intent.category.LAUNCHER
ADDED from src/main/AndroidManifest.xml:32:17-77
	android:name
		ADDED from src/main/AndroidManifest.xml:32:27-74
activity#api.android.demo.helloworld.HelloWorld
ADDED from src/main/AndroidManifest.xml:35:9-43:20
	android:label
		ADDED from src/main/AndroidManifest.xml:37:13-55
	android:name
		ADDED from src/main/AndroidManifest.xml:36:13-50
intent-filter#android.intent.action.MAIN+android.intent.category.SAMPLE_CODE
ADDED from src/main/AndroidManifest.xml:38:13-42:29
category#android.intent.category.SAMPLE_CODE
ADDED from src/main/AndroidManifest.xml:41:17-80
	android:name
		ADDED from src/main/AndroidManifest.xml:41:27-77
activity#api.android.demo.helloworld.AssetsAndRawActivity
ADDED from src/main/AndroidManifest.xml:44:9-52:20
	android:label
		ADDED from src/main/AndroidManifest.xml:46:13-57
	android:name
		ADDED from src/main/AndroidManifest.xml:45:13-60
activity#api.android.demo.activityandintent.StartNewActivity
ADDED from src/main/AndroidManifest.xml:53:9-61:20
	android:label
		ADDED from src/main/AndroidManifest.xml:55:13-61
	android:name
		ADDED from src/main/AndroidManifest.xml:54:13-63
activity#api.android.demo.activityandintent.NewActivity
ADDED from src/main/AndroidManifest.xml:62:9-65:20
	android:label
		ADDED from src/main/AndroidManifest.xml:64:13-40
	android:name
		ADDED from src/main/AndroidManifest.xml:63:13-58
activity#api.android.demo.activityandintent.FirstActivity
ADDED from src/main/AndroidManifest.xml:66:9-76:20
	android:label
		ADDED from src/main/AndroidManifest.xml:70:13-61
	android:launchMode
		ADDED from src/main/AndroidManifest.xml:69:13-44
	android:exported
		ADDED from src/main/AndroidManifest.xml:68:13-36
	android:name
		ADDED from src/main/AndroidManifest.xml:67:13-60
intent-filter#android.intent.action.MAIN+android.intent.category.DEFAULT+android.intent.category.SAMPLE_CODE
ADDED from src/main/AndroidManifest.xml:71:13-75:29
activity#api.android.demo.activityandintent.LifecycleActivity
ADDED from src/main/AndroidManifest.xml:77:9-86:20
	android:label
		ADDED from src/main/AndroidManifest.xml:80:13-62
	android:configChanges
		ADDED from src/main/AndroidManifest.xml:79:13-57
	android:name
		ADDED from src/main/AndroidManifest.xml:78:13-64
activity#api.android.demo.activityandintent.SecondActivity
ADDED from src/main/AndroidManifest.xml:87:9-93:20
	android:label
		ADDED from src/main/AndroidManifest.xml:89:13-43
	android:exported
		ADDED from src/main/AndroidManifest.xml:90:13-36
	android:taskAffinity
		ADDED from src/main/AndroidManifest.xml:91:13-36
	android:name
		ADDED from src/main/AndroidManifest.xml:88:13-61
activity#api.android.demo.activityandintent.ThirdActivity
ADDED from src/main/AndroidManifest.xml:94:9-98:20
	android:label
		ADDED from src/main/AndroidManifest.xml:96:13-42
	android:theme
		ADDED from src/main/AndroidManifest.xml:97:13-55
	android:name
		ADDED from src/main/AndroidManifest.xml:95:13-60
activity#api.android.demo.service.MusicServiceActivity
ADDED from src/main/AndroidManifest.xml:99:9-107:20
	android:label
		ADDED from src/main/AndroidManifest.xml:101:13-65
	android:name
		ADDED from src/main/AndroidManifest.xml:100:13-57
activity#api.android.demo.service.BeginServiceActivity
ADDED from src/main/AndroidManifest.xml:108:9-116:20
	android:label
		ADDED from src/main/AndroidManifest.xml:110:13-65
	android:name
		ADDED from src/main/AndroidManifest.xml:109:13-57
activity#api.android.demo.uibase.BaseDialogActivity
ADDED from src/main/AndroidManifest.xml:117:9-125:20
	android:label
		ADDED from src/main/AndroidManifest.xml:119:13-63
	android:name
		ADDED from src/main/AndroidManifest.xml:118:13-54
activity#api.android.demo.uibase.ViewActivity
ADDED from src/main/AndroidManifest.xml:126:9-134:20
	android:label
		ADDED from src/main/AndroidManifest.xml:128:13-57
	android:name
		ADDED from src/main/AndroidManifest.xml:127:13-48
activity#api.android.demo.uibase.SundyListActivity
ADDED from src/main/AndroidManifest.xml:135:9-143:20
	android:label
		ADDED from src/main/AndroidManifest.xml:137:13-62
	android:name
		ADDED from src/main/AndroidManifest.xml:136:13-53
activity#api.android.demo.uibase.MyLayoutActivity
ADDED from src/main/AndroidManifest.xml:144:9-152:20
	android:label
		ADDED from src/main/AndroidManifest.xml:146:13-61
	android:name
		ADDED from src/main/AndroidManifest.xml:145:13-52
activity#api.android.demo.uibase.MyGridViewActivity
ADDED from src/main/AndroidManifest.xml:153:9-161:20
	android:label
		ADDED from src/main/AndroidManifest.xml:155:13-63
	android:name
		ADDED from src/main/AndroidManifest.xml:154:13-54
activity#api.android.demo.uibase.FullScreenGallery
ADDED from src/main/AndroidManifest.xml:162:9-170:20
	android:label
		ADDED from src/main/AndroidManifest.xml:164:13-70
	android:name
		ADDED from src/main/AndroidManifest.xml:163:13-53
activity#api.android.demo.uibase.FormWidgetActivity
ADDED from src/main/AndroidManifest.xml:171:9-179:20
	android:label
		ADDED from src/main/AndroidManifest.xml:173:13-63
	android:name
		ADDED from src/main/AndroidManifest.xml:172:13-54
activity#api.android.demo.uibase.StyleActivity
ADDED from src/main/AndroidManifest.xml:180:9-189:20
	android:label
		ADDED from src/main/AndroidManifest.xml:182:13-58
	android:theme
		ADDED from src/main/AndroidManifest.xml:183:13-50
	android:name
		ADDED from src/main/AndroidManifest.xml:181:13-49
activity#api.android.demo.uibase.MyGalleryActivity
ADDED from src/main/AndroidManifest.xml:190:9-198:20
	android:label
		ADDED from src/main/AndroidManifest.xml:192:13-62
	android:name
		ADDED from src/main/AndroidManifest.xml:191:13-53
activity#api.android.demo.uibase.NotificationSampleActivity
ADDED from src/main/AndroidManifest.xml:199:9-207:20
	android:label
		ADDED from src/main/AndroidManifest.xml:201:13-71
	android:name
		ADDED from src/main/AndroidManifest.xml:200:13-62
activity#api.android.demo.uibase.MyDrawerActivity
ADDED from src/main/AndroidManifest.xml:208:9-216:20
	android:label
		ADDED from src/main/AndroidManifest.xml:210:13-61
	android:name
		ADDED from src/main/AndroidManifest.xml:209:13-52
activity#api.android.demo.uibase.ViewGroupActivity
ADDED from src/main/AndroidManifest.xml:217:9-225:20
	android:label
		ADDED from src/main/AndroidManifest.xml:219:13-62
	android:name
		ADDED from src/main/AndroidManifest.xml:218:13-53
activity#api.android.demo.uibase.MyListViewActivity
ADDED from src/main/AndroidManifest.xml:226:9-234:20
	android:label
		ADDED from src/main/AndroidManifest.xml:228:13-59
	android:name
		ADDED from src/main/AndroidManifest.xml:227:13-54
activity#api.android.demo.datastore.SharePreferenceDemo
ADDED from src/main/AndroidManifest.xml:235:9-244:20
	android:screenOrientation
		ADDED from src/main/AndroidManifest.xml:238:13-49
	android:label
		ADDED from src/main/AndroidManifest.xml:237:13-64
	android:name
		ADDED from src/main/AndroidManifest.xml:236:13-58
activity#api.android.demo.datastore.FileOperationDemo
ADDED from src/main/AndroidManifest.xml:245:9-254:20
	android:screenOrientation
		ADDED from src/main/AndroidManifest.xml:248:13-49
	android:label
		ADDED from src/main/AndroidManifest.xml:247:13-62
	android:name
		ADDED from src/main/AndroidManifest.xml:246:13-56
activity#api.android.demo.datastore.SQLiteDemo
ADDED from src/main/AndroidManifest.xml:255:9-264:20
	android:screenOrientation
		ADDED from src/main/AndroidManifest.xml:258:13-49
	android:label
		ADDED from src/main/AndroidManifest.xml:257:13-55
	android:name
		ADDED from src/main/AndroidManifest.xml:256:13-49
activity#api.android.demo.datastore.NetworkDemo
ADDED from src/main/AndroidManifest.xml:265:9-274:20
	android:screenOrientation
		ADDED from src/main/AndroidManifest.xml:268:13-49
	android:label
		ADDED from src/main/AndroidManifest.xml:267:13-56
	android:name
		ADDED from src/main/AndroidManifest.xml:266:13-50
activity#api.android.demo.contentprovider.ContentResolverActivity
ADDED from src/main/AndroidManifest.xml:275:9-284:20
	android:screenOrientation
		ADDED from src/main/AndroidManifest.xml:278:13-49
	android:label
		ADDED from src/main/AndroidManifest.xml:277:13-60
	android:name
		ADDED from src/main/AndroidManifest.xml:276:13-68
activity#api.android.demo.broadcastreceiver.SendBroadcastActivity
ADDED from src/main/AndroidManifest.xml:285:9-294:20
	android:screenOrientation
		ADDED from src/main/AndroidManifest.xml:288:13-49
	android:label
		ADDED from src/main/AndroidManifest.xml:287:13-58
	android:name
		ADDED from src/main/AndroidManifest.xml:286:13-68
activity#api.android.demo.multimedia.AudioHelloworld
ADDED from src/main/AndroidManifest.xml:295:9-304:20
	android:screenOrientation
		ADDED from src/main/AndroidManifest.xml:298:13-49
	android:label
		ADDED from src/main/AndroidManifest.xml:297:13-63
	android:name
		ADDED from src/main/AndroidManifest.xml:296:13-55
activity#api.android.demo.java4android.InstanceofActivity
ADDED from src/main/AndroidManifest.xml:305:9-314:20
	android:screenOrientation
		ADDED from src/main/AndroidManifest.xml:308:13-49
	android:label
		ADDED from src/main/AndroidManifest.xml:307:13-60
	android:name
		ADDED from src/main/AndroidManifest.xml:306:13-60
activity#api.android.demo.java4android.InterationActivity
ADDED from src/main/AndroidManifest.xml:315:9-324:20
	android:screenOrientation
		ADDED from src/main/AndroidManifest.xml:318:13-49
	android:label
		ADDED from src/main/AndroidManifest.xml:317:13-68
	android:name
		ADDED from src/main/AndroidManifest.xml:316:13-60
activity#api.android.demo.java4android.InnerClassAdvActivity
ADDED from src/main/AndroidManifest.xml:325:9-334:20
	android:screenOrientation
		ADDED from src/main/AndroidManifest.xml:328:13-49
	android:label
		ADDED from src/main/AndroidManifest.xml:327:13-63
	android:name
		ADDED from src/main/AndroidManifest.xml:326:13-63
activity#api.android.demo.java4android.GenericActivity
ADDED from src/main/AndroidManifest.xml:335:9-344:20
	android:screenOrientation
		ADDED from src/main/AndroidManifest.xml:338:13-49
	android:label
		ADDED from src/main/AndroidManifest.xml:337:13-65
	android:name
		ADDED from src/main/AndroidManifest.xml:336:13-57
activity#api.android.demo.java4android.ThreadActivity
ADDED from src/main/AndroidManifest.xml:345:9-354:20
	android:screenOrientation
		ADDED from src/main/AndroidManifest.xml:348:13-49
	android:label
		ADDED from src/main/AndroidManifest.xml:347:13-64
	android:name
		ADDED from src/main/AndroidManifest.xml:346:13-56
activity#api.android.demo.async.WholeAsyncActivity
ADDED from src/main/AndroidManifest.xml:356:9-364:20
	android:label
		ADDED from src/main/AndroidManifest.xml:358:13-55
	android:name
		ADDED from src/main/AndroidManifest.xml:357:13-53
activity#api.android.demo.async.ProcessLifecycleActivity
ADDED from src/main/AndroidManifest.xml:365:9-373:20
	android:label
		ADDED from src/main/AndroidManifest.xml:367:13-54
	android:name
		ADDED from src/main/AndroidManifest.xml:366:13-59
activity#api.android.demo.async.ThreadConceptActivity
ADDED from src/main/AndroidManifest.xml:374:9-382:20
	android:label
		ADDED from src/main/AndroidManifest.xml:376:13-58
	android:name
		ADDED from src/main/AndroidManifest.xml:375:13-56
activity#api.android.demo.async.HandlerConceptActivity
ADDED from src/main/AndroidManifest.xml:383:9-391:20
	android:label
		ADDED from src/main/AndroidManifest.xml:385:13-59
	android:name
		ADDED from src/main/AndroidManifest.xml:384:13-57
activity#api.android.demo.async.AsyncTaskTestActivity
ADDED from src/main/AndroidManifest.xml:392:9-400:20
	android:label
		ADDED from src/main/AndroidManifest.xml:394:13-54
	android:name
		ADDED from src/main/AndroidManifest.xml:393:13-56
activity#api.android.demo.gesture.GestureShow1Activity
ADDED from src/main/AndroidManifest.xml:401:9-409:20
	android:label
		ADDED from src/main/AndroidManifest.xml:403:13-57
	android:name
		ADDED from src/main/AndroidManifest.xml:402:13-57
activity#api.android.demo.gesture.GestureShow2Activity
ADDED from src/main/AndroidManifest.xml:413:9-416:20
	android:label
		ADDED from src/main/AndroidManifest.xml:415:13-57
	android:name
		ADDED from src/main/AndroidManifest.xml:414:13-57
activity#api.android.demo.gesture.GestureShow3Activity
ADDED from src/main/AndroidManifest.xml:417:9-420:20
	android:label
		ADDED from src/main/AndroidManifest.xml:419:13-57
	android:name
		ADDED from src/main/AndroidManifest.xml:418:13-57
activity#api.android.demo.gesture.GestureShow4Activity
ADDED from src/main/AndroidManifest.xml:421:9-424:20
	android:label
		ADDED from src/main/AndroidManifest.xml:423:13-57
	android:name
		ADDED from src/main/AndroidManifest.xml:422:13-57
activity#api.android.demo.sensor.ActivityMainList
ADDED from src/main/AndroidManifest.xml:425:9-433:20
	android:label
		ADDED from src/main/AndroidManifest.xml:427:13-60
	android:name
		ADDED from src/main/AndroidManifest.xml:426:13-52
activity#api.android.demo.sensor.ActivityMain
ADDED from src/main/AndroidManifest.xml:434:9-442:20
	android:label
		ADDED from src/main/AndroidManifest.xml:436:13-56
	android:name
		ADDED from src/main/AndroidManifest.xml:435:13-48
activity#api.android.demo.sensor.ActivityMain2
ADDED from src/main/AndroidManifest.xml:443:9-451:20
	android:label
		ADDED from src/main/AndroidManifest.xml:445:13-57
	android:name
		ADDED from src/main/AndroidManifest.xml:444:13-49
activity#api.android.demo.sensor.ActivitySensorShow
ADDED from src/main/AndroidManifest.xml:452:9-454:57
	android:label
		ADDED from src/main/AndroidManifest.xml:454:13-54
	android:name
		ADDED from src/main/AndroidManifest.xml:453:13-54
activity#api.android.demo.sensor.CompassDemo
ADDED from src/main/AndroidManifest.xml:455:9-463:20
	android:label
		ADDED from src/main/AndroidManifest.xml:457:13-55
	android:name
		ADDED from src/main/AndroidManifest.xml:456:13-47
activity#api.android.demo.sensor.SensorPlayerActivity
ADDED from src/main/AndroidManifest.xml:464:9-472:20
	android:label
		ADDED from src/main/AndroidManifest.xml:466:13-58
	android:name
		ADDED from src/main/AndroidManifest.xml:465:13-56
activity#api.android.demo.maplocation.MyMapActivity
ADDED from src/main/AndroidManifest.xml:473:9-481:20
	android:label
		ADDED from src/main/AndroidManifest.xml:475:13-54
	android:name
		ADDED from src/main/AndroidManifest.xml:474:13-54
activity#api.android.demo.graphic.HelloGameItemControlActivity
ADDED from src/main/AndroidManifest.xml:482:9-490:20
	android:label
		ADDED from src/main/AndroidManifest.xml:484:13-73
	android:name
		ADDED from src/main/AndroidManifest.xml:483:13-65
activity#api.android.demo.graphic.DrawableResourceActivity
ADDED from src/main/AndroidManifest.xml:491:9-499:20
	android:label
		ADDED from src/main/AndroidManifest.xml:493:13-61
	android:name
		ADDED from src/main/AndroidManifest.xml:492:13-61
activity#api.android.demo.graphic.DrawableResourceXMLActivity
ADDED from src/main/AndroidManifest.xml:500:9-508:20
	android:label
		ADDED from src/main/AndroidManifest.xml:502:13-64
	android:name
		ADDED from src/main/AndroidManifest.xml:501:13-64
activity#api.android.demo.graphic.CustomDrawableActivity
ADDED from src/main/AndroidManifest.xml:509:9-517:20
	android:label
		ADDED from src/main/AndroidManifest.xml:511:13-59
	android:name
		ADDED from src/main/AndroidManifest.xml:510:13-59
activity#api.android.demo.maplocation.GeoDemoActivity
ADDED from src/main/AndroidManifest.xml:518:9-526:20
	android:label
		ADDED from src/main/AndroidManifest.xml:520:13-56
	android:name
		ADDED from src/main/AndroidManifest.xml:519:13-56
activity#api.android.demo.sqlite.UserManagerActivity
ADDED from src/main/AndroidManifest.xml:527:9-535:20
	android:label
		ADDED from src/main/AndroidManifest.xml:529:13-55
	android:name
		ADDED from src/main/AndroidManifest.xml:528:13-55
activity#api.android.demo.widget.ShortcutActivity
ADDED from src/main/AndroidManifest.xml:536:9-546:20
	android:label
		ADDED from src/main/AndroidManifest.xml:538:13-52
	android:name
		ADDED from src/main/AndroidManifest.xml:537:13-52
intent-filter#android.intent.action.CREATE_SHORTCUT
ADDED from src/main/AndroidManifest.xml:539:13-541:29
action#android.intent.action.CREATE_SHORTCUT
ADDED from src/main/AndroidManifest.xml:540:17-80
	android:name
		ADDED from src/main/AndroidManifest.xml:540:25-77
meta-data#sundymeta
ADDED from src/main/AndroidManifest.xml:543:13-545:75
	android:value
		ADDED from src/main/AndroidManifest.xml:545:17-72
	android:name
		ADDED from src/main/AndroidManifest.xml:544:17-41
activity#api.android.demo.contentprovider.ContactContractActivity
ADDED from src/main/AndroidManifest.xml:547:9-555:20
	android:label
		ADDED from src/main/AndroidManifest.xml:549:13-68
	android:name
		ADDED from src/main/AndroidManifest.xml:548:13-68
activity#api.android.demo.uiadv.style.StyleActivity
ADDED from src/main/AndroidManifest.xml:558:9-566:20
	android:label
		ADDED from src/main/AndroidManifest.xml:560:13-49
	android:name
		ADDED from src/main/AndroidManifest.xml:559:13-54
activity#api.android.demo.uiadv.animation.Rotate3DActivity
ADDED from src/main/AndroidManifest.xml:567:9-576:20
	android:label
		ADDED from src/main/AndroidManifest.xml:569:13-55
	android:windowAnimationStyle
		ADDED from src/main/AndroidManifest.xml:570:13-76
	android:name
		ADDED from src/main/AndroidManifest.xml:568:13-61
activity#api.android.demo.uiadv.style.BubbleThemeActivity
ADDED from src/main/AndroidManifest.xml:577:9-586:20
	android:label
		ADDED from src/main/AndroidManifest.xml:579:13-54
	android:theme
		ADDED from src/main/AndroidManifest.xml:580:13-49
	android:name
		ADDED from src/main/AndroidManifest.xml:578:13-60
activity#api.android.demo.uiadv.style.BlurThemeActivity
ADDED from src/main/AndroidManifest.xml:587:9-596:20
	android:label
		ADDED from src/main/AndroidManifest.xml:589:13-52
	android:theme
		ADDED from src/main/AndroidManifest.xml:590:13-49
	android:name
		ADDED from src/main/AndroidManifest.xml:588:13-58
activity#api.android.demo.uiadv.skin.ThemeSkinActivity
ADDED from src/main/AndroidManifest.xml:597:9-605:20
	android:label
		ADDED from src/main/AndroidManifest.xml:599:13-51
	android:name
		ADDED from src/main/AndroidManifest.xml:598:13-57
activity#api.android.demo.uiadv.skin.LayoutSkinActivity
ADDED from src/main/AndroidManifest.xml:606:9-614:20
	android:label
		ADDED from src/main/AndroidManifest.xml:608:13-52
	android:name
		ADDED from src/main/AndroidManifest.xml:607:13-58
activity#api.android.demo.uiadv.performance.DelayLoadActivity
ADDED from src/main/AndroidManifest.xml:615:9-623:20
	android:label
		ADDED from src/main/AndroidManifest.xml:617:13-58
	android:name
		ADDED from src/main/AndroidManifest.xml:616:13-64
activity#api.android.demo.uiadv.performance.FastSwitchActivity
ADDED from src/main/AndroidManifest.xml:624:9-633:20
	android:label
		ADDED from src/main/AndroidManifest.xml:627:13-59
	android:configChanges
		ADDED from src/main/AndroidManifest.xml:626:13-63
	android:name
		ADDED from src/main/AndroidManifest.xml:625:13-65
activity#api.android.demo.uiadv.animation.AnimationActivity
ADDED from src/main/AndroidManifest.xml:634:9-643:20
	android:label
		ADDED from src/main/AndroidManifest.xml:636:13-62
	android:theme
		ADDED from src/main/AndroidManifest.xml:637:13-49
	android:name
		ADDED from src/main/AndroidManifest.xml:635:13-62
activity#api.android.demo.uiadv.shake_desk.ShakeDesktopActivity
ADDED from src/main/AndroidManifest.xml:644:9-653:20
	android:screenOrientation
		ADDED from src/main/AndroidManifest.xml:647:13-49
	android:label
		ADDED from src/main/AndroidManifest.xml:646:13-52
	android:name
		ADDED from src/main/AndroidManifest.xml:645:13-66
activity#api.android.demo.uiadv.animation.FadeAnimationActivity
ADDED from src/main/AndroidManifest.xml:654:9-662:20
	android:label
		ADDED from src/main/AndroidManifest.xml:656:13-60
	android:name
		ADDED from src/main/AndroidManifest.xml:655:13-66
activity#api.android.demo.uiadv.animation.BaseTweenAnimationActivity
ADDED from src/main/AndroidManifest.xml:663:9-671:20
	android:label
		ADDED from src/main/AndroidManifest.xml:665:13-65
	android:name
		ADDED from src/main/AndroidManifest.xml:664:13-71
activity#api.android.demo.uiadv.animation.BaseFrameAnimation
ADDED from src/main/AndroidManifest.xml:672:9-680:20
	android:label
		ADDED from src/main/AndroidManifest.xml:674:13-65
	android:name
		ADDED from src/main/AndroidManifest.xml:673:13-63
activity#api.android.demo.uiadv.animation.SimpleDragSample
ADDED from src/main/AndroidManifest.xml:681:9-689:20
	android:label
		ADDED from src/main/AndroidManifest.xml:683:13-63
	android:name
		ADDED from src/main/AndroidManifest.xml:682:13-61
activity#api.android.demo.uiadv.animation.ViewFlipperActivity
ADDED from src/main/AndroidManifest.xml:690:9-698:20
	android:label
		ADDED from src/main/AndroidManifest.xml:692:13-58
	android:name
		ADDED from src/main/AndroidManifest.xml:691:13-64
activity#api.android.demo.widget.MetaDataActivity
ADDED from src/main/AndroidManifest.xml:702:9-714:20
	android:label
		ADDED from src/main/AndroidManifest.xml:704:13-52
	android:name
		ADDED from src/main/AndroidManifest.xml:703:13-52
meta-data#api.android.demo.widget.metaactivity
ADDED from src/main/AndroidManifest.xml:711:13-713:58
	android:value
		ADDED from src/main/AndroidManifest.xml:713:17-55
	android:name
		ADDED from src/main/AndroidManifest.xml:712:17-68
service#api.android.demo.service.BeginService
ADDED from src/main/AndroidManifest.xml:716:9-57
	android:name
		ADDED from src/main/AndroidManifest.xml:716:18-54
service#api.android.demo.service.BeginIntentService
ADDED from src/main/AndroidManifest.xml:717:9-63
	android:name
		ADDED from src/main/AndroidManifest.xml:717:18-60
service#api.android.demo.service.MusicService
ADDED from src/main/AndroidManifest.xml:718:9-57
	android:name
		ADDED from src/main/AndroidManifest.xml:718:18-54
service#api.android.demo.service.MyService
ADDED from src/main/AndroidManifest.xml:719:9-107
	android:enabled
		ADDED from src/main/AndroidManifest.xml:719:52-74
	android:isolatedProcess
		ADDED from src/main/AndroidManifest.xml:719:75-105
	android:name
		ADDED from src/main/AndroidManifest.xml:719:18-51
receiver#api.android.demo.broadcastreceiver.MyBroadcastReceiver
ADDED from src/main/AndroidManifest.xml:721:9-725:20
	android:name
		ADDED from src/main/AndroidManifest.xml:721:19-72
intent-filter#api.android.demo.HiMessage
ADDED from src/main/AndroidManifest.xml:722:13-724:29
action#api.android.demo.HiMessage
ADDED from src/main/AndroidManifest.xml:723:17-69
	android:name
		ADDED from src/main/AndroidManifest.xml:723:25-66
receiver#api.android.demo.broadcastreceiver.PeekServiceRecieve
ADDED from src/main/AndroidManifest.xml:726:9-728:20
	android:enabled
		ADDED from src/main/AndroidManifest.xml:726:72-94
	android:name
		ADDED from src/main/AndroidManifest.xml:726:19-71
receiver#api.android.demo.broadcastreceiver.SMSReceiver
ADDED from src/main/AndroidManifest.xml:729:9-733:20
	android:name
		ADDED from src/main/AndroidManifest.xml:729:19-64
intent-filter#android.provider.Telephony.SMS_RECEIVED
ADDED from src/main/AndroidManifest.xml:730:13-732:29
	android:priority
		ADDED from src/main/AndroidManifest.xml:730:28-48
action#android.provider.Telephony.SMS_RECEIVED
ADDED from src/main/AndroidManifest.xml:731:17-82
	android:name
		ADDED from src/main/AndroidManifest.xml:731:25-79
receiver#api.android.demo.widget.SimpleWidgetDemo
ADDED from src/main/AndroidManifest.xml:734:9-743:20
	android:name
		ADDED from src/main/AndroidManifest.xml:734:19-58
intent-filter#android.appwidget.action.APPWIDGET_UPDATE
ADDED from src/main/AndroidManifest.xml:735:13-737:29
action#android.appwidget.action.APPWIDGET_UPDATE
ADDED from src/main/AndroidManifest.xml:736:17-84
	android:name
		ADDED from src/main/AndroidManifest.xml:736:25-81
meta-data#android.appwidget.provider
ADDED from src/main/AndroidManifest.xml:739:13-742:25
	android:resource
		ADDED from src/main/AndroidManifest.xml:741:17-62
	android:name
		ADDED from src/main/AndroidManifest.xml:740:17-58
provider#api.android.demo.contentprovider.CustomProvider
ADDED from src/main/AndroidManifest.xml:745:9-748:20
	android:authorities
		ADDED from src/main/AndroidManifest.xml:747:13-60
	android:name
		ADDED from src/main/AndroidManifest.xml:746:13-59
uses-sdk
INJECTED from src/main/AndroidManifest.xml reason: use-sdk injection requested
	android:targetSdkVersion
		INJECTED from src/main/AndroidManifest.xml
		INJECTED from src/main/AndroidManifest.xml
	android:minSdkVersion
		INJECTED from src/main/AndroidManifest.xml
		INJECTED from src/main/AndroidManifest.xml